<?xml version="1.0" encoding="UTF-8"?>
<!-- Generated by org.testng.reporters.JUnitReportReporter -->
<testsuite hostname="LAPTOP-HE1LBLFP" failures="0" tests="5" name="selenium.TestNGOrangeHRM3" time="30.296" errors="0" timestamp="2023-10-07T15:55:39 IST" skipped="0">
  <testcase classname="selenium.TestNGOrangeHRM3" name="open_url" time="7.986"/>
  <testcase classname="selenium.TestNGOrangeHRM3" name="login" time="0.637"/>
  <testcase classname="selenium.TestNGOrangeHRM3" name="search_user" time="6.566"/>
  <testcase classname="selenium.TestNGOrangeHRM3" name="add_user" time="6.474"/>
  <testcase classname="selenium.TestNGOrangeHRM3" name="delete_added_user" time="8.633"/>
</testsuite> <!-- selenium.TestNGOrangeHRM3 -->
