<?xml version="1.0" encoding="UTF-8"?>
<!-- Generated by org.testng.reporters.JUnitReportReporter -->
<testsuite hostname="LAPTOP-HE1LBLFP" failures="0" tests="3" name="selenium.Day3TestNG" time="15.727" errors="0" timestamp="2023-10-07T15:55:39 IST" skipped="0">
  <testcase classname="selenium.Day3TestNG" name="open_url" time="7.477"/>
  <testcase classname="selenium.Day3TestNG" name="login" time="0.747"/>
  <testcase classname="selenium.Day3TestNG" name="search_user" time="7.503"/>
</testsuite> <!-- selenium.Day3TestNG -->
