<?xml version="1.0" encoding="UTF-8"?>
<!-- Generated by org.testng.reporters.JUnitReportReporter -->
<testsuite hostname="LAPTOP-HE1LBLFP" failures="0" tests="4" name="selenium.Day1TestNG" time="0.007" errors="0" timestamp="2023-10-07T15:55:39 IST" skipped="0">
  <testcase classname="selenium.Day1TestNG" name="test_2" time="0.000"/>
  <testcase classname="selenium.Day1TestNG" name="test_1" time="0.004"/>
  <testcase classname="selenium.Day1TestNG" name="test_4" time="0.001"/>
  <testcase classname="selenium.Day1TestNG" name="test_3" time="0.002"/>
</testsuite> <!-- selenium.Day1TestNG -->
